[INFO] Scanning for projects...
[INFO] 
[INFO] -----------< GoogleDDFrameWorkMaven:GoogleDDFrameWorkMaven >------------
[INFO] Building GoogleDDFrameWorkMaven 0.0.1-SNAPSHOT
[INFO] --------------------------------[ jar ]---------------------------------
[INFO] 
[INFO] --- maven-clean-plugin:2.5:clean (default-clean) @ GoogleDDFrameWorkMaven ---
[INFO] Deleting C:\WebDrivers\GoogleDDFrameWorkMaven\target
[INFO] 
[INFO] --- maven-resources-plugin:2.6:resources (default-resources) @ GoogleDDFrameWorkMaven ---
[WARNING] Using platform encoding (Cp1252 actually) to copy filtered resources, i.e. build is platform dependent!
[INFO] skip non existing resourceDirectory C:\WebDrivers\GoogleDDFrameWorkMaven\src\main\resources
[INFO] 
[INFO] --- maven-compiler-plugin:3.1:compile (default-compile) @ GoogleDDFrameWorkMaven ---
[INFO] Nothing to compile - all classes are up to date
[INFO] 
[INFO] --- maven-resources-plugin:2.6:testResources (default-testResources) @ GoogleDDFrameWorkMaven ---
[WARNING] Using platform encoding (Cp1252 actually) to copy filtered resources, i.e. build is platform dependent!
[INFO] skip non existing resourceDirectory C:\WebDrivers\GoogleDDFrameWorkMaven\src\test\resources
[INFO] 
[INFO] --- maven-compiler-plugin:3.1:testCompile (default-testCompile) @ GoogleDDFrameWorkMaven ---
[INFO] Changes detected - recompiling the module!
[WARNING] File encoding has not been set, using platform encoding Cp1252, i.e. build is platform dependent!
[INFO] Compiling 17 source files to C:\WebDrivers\GoogleDDFrameWorkMaven\target\test-classes
[INFO] 
[INFO] --- maven-surefire-plugin:2.12.4:test (default-test) @ GoogleDDFrameWorkMaven ---
[INFO] Surefire report directory: C:\WebDrivers\GoogleDDFrameWorkMaven\target\surefire-reports

-------------------------------------------------------
 T E S T S
-------------------------------------------------------
The system cannot find the path specified.

Results :

Tests run: 0, Failures: 0, Errors: 0, Skipped: 0

[INFO] ------------------------------------------------------------------------
[INFO] BUILD FAILURE
[INFO] ------------------------------------------------------------------------
[INFO] Total time:  02:36 min
[INFO] Finished at: 2020-12-21T12:10:34+05:30
[INFO] ------------------------------------------------------------------------
[ERROR] Failed to execute goal org.apache.maven.plugins:maven-surefire-plugin:2.12.4:test (default-test) on project GoogleDDFrameWorkMaven: Execution default-test of goal org.apache.maven.plugins:maven-surefire-plugin:2.12.4:test failed: The forked VM terminated without saying properly goodbye. VM crash or System.exit called ? -> [Help 1]
[ERROR] 
[ERROR] To see the full stack trace of the errors, re-run Maven with the -e switch.
[ERROR] Re-run Maven using the -X switch to enable full debug logging.
[ERROR] 
[ERROR] For more information about the errors and possible solutions, please read the following articles:
[ERROR] [Help 1] http://cwiki.apache.org/confluence/display/MAVEN/PluginExecutionException
