<?xml version="1.0" encoding="UTF-8"?>
<!-- Generated by org.testng.reporters.JUnitXMLReporter -->
<testsuite hostname="NAGRE" name="Test" tests="2" failures="1" timestamp="22 Dec 2020 19:54:42 GMT" time="49.037" errors="0">
  <testcase name="VerifyGoogleLaunchingPage" time="40.08" classname="Google_Tests.TC_09_VerifyLoginToGmailTest"/>
  <testcase name="VerifyTotalNoOfEmailReceived" time="8.738" classname="Google_Tests.TC_10_VerifyTotalMailRecTest">
    <failure type="java.lang.AssertionError" message="invalid selector: Unable to locate an element with the xpath expression No.of Emails: //*[@id=&amp;quot;:5f&amp;quot;]/span/span[1]/span[2] because of the following error:
SyntaxError: Failed to execute &amp;apos;evaluate&amp;apos; on &amp;apos;Document&amp;apos;: The string &amp;apos;No.of Emails: //*[@id=&amp;quot;:5f&amp;quot;]/span/span[1]/span[2]&amp;apos; is not a valid XPath expression.
  (Session info: chrome=85.0.4183.121)
For documentation on this error, please visit: http://seleniumhq.org/exceptions/invalid_selector_exception.html
Build info: version: &amp;apos;3.9.1&amp;apos;, revision: &amp;apos;63f7b50&amp;apos;, time: &amp;apos;2018-02-07T22:42:22.379Z&amp;apos;
System info: host: &amp;apos;NAGRE&amp;apos;, ip: &amp;apos;192.168.43.102&amp;apos;, os.name: &amp;apos;Windows 10&amp;apos;, os.arch: &amp;apos;amd64&amp;apos;, os.version: &amp;apos;10.0&amp;apos;, java.version: &amp;apos;1.8.0_71&amp;apos;
Driver info: org.openqa.selenium.chrome.ChromeDriver
Capabilities {acceptInsecureCerts: false, browserName: chrome, browserVersion: 85.0.4183.121, chrome: {chromedriverVersion: 85.0.4183.87 (cd6713ebf92fa..., userDataDir: C:\Users\Amol\AppData\Local...}, goog:chromeOptions: {debuggerAddress: localhost:60287}, javascriptEnabled: true, networkConnectionEnabled: false, pageLoadStrategy: normal, platform: WINDOWS, platformName: WINDOWS, proxy: Proxy(), setWindowRect: true, strictFileInteractability: false, timeouts: {implicit: 0, pageLoad: 300000, script: 30000}, unhandledPromptBehavior: dismiss and notify, webauthn:virtualAuthenticators: true}
Session ID: 2b4fd5d04e1a5c6369bd71fe3a088c7f
*** Element info: {Using=xpath, value=No.of Emails: //*[@id=&amp;quot;:5f&amp;quot;]/span/span[1]/span[2]} expected [true] but found [false]">
      <![CDATA[java.lang.AssertionError: invalid selector: Unable to locate an element with the xpath expression No.of Emails: //*[@id=":5f"]/span/span[1]/span[2] because of the following error:
SyntaxError: Failed to execute 'evaluate' on 'Document': The string 'No.of Emails: //*[@id=":5f"]/span/span[1]/span[2]' is not a valid XPath expression.
  (Session info: chrome=85.0.4183.121)
For documentation on this error, please visit: http://seleniumhq.org/exceptions/invalid_selector_exception.html
Build info: version: '3.9.1', revision: '63f7b50', time: '2018-02-07T22:42:22.379Z'
System info: host: 'NAGRE', ip: '192.168.43.102', os.name: 'Windows 10', os.arch: 'amd64', os.version: '10.0', java.version: '1.8.0_71'
Driver info: org.openqa.selenium.chrome.ChromeDriver
Capabilities {acceptInsecureCerts: false, browserName: chrome, browserVersion: 85.0.4183.121, chrome: {chromedriverVersion: 85.0.4183.87 (cd6713ebf92fa..., userDataDir: C:\Users\Amol\AppData\Local...}, goog:chromeOptions: {debuggerAddress: localhost:60287}, javascriptEnabled: true, networkConnectionEnabled: false, pageLoadStrategy: normal, platform: WINDOWS, platformName: WINDOWS, proxy: Proxy(), setWindowRect: true, strictFileInteractability: false, timeouts: {implicit: 0, pageLoad: 300000, script: 30000}, unhandledPromptBehavior: dismiss and notify, webauthn:virtualAuthenticators: true}
Session ID: 2b4fd5d04e1a5c6369bd71fe3a088c7f
*** Element info: {Using=xpath, value=No.of Emails: //*[@id=":5f"]/span/span[1]/span[2]} expected [true] but found [false]
	at Google_Tests.TC_10_VerifyTotalMailRecTest.VerifyTotalNoOfEmailReceived(TC_10_VerifyTotalMailRecTest.java:81)
... Removed 27 stack frames]]>
    </failure>
  </testcase> <!-- VerifyTotalNoOfEmailReceived -->
</testsuite> <!-- Test -->
