<?xml version="1.0" encoding="UTF-8"?>
<testng-results skipped="0" failed="1" total="2" passed="1">
  <reporter-output>
  </reporter-output>
  <suite name="Suite" duration-ms="49037" started-at="2020-12-22T19:53:52Z" finished-at="2020-12-22T19:54:41Z">
    <groups>
    </groups>
    <test name="Test" duration-ms="49037" started-at="2020-12-22T19:53:52Z" finished-at="2020-12-22T19:54:41Z">
      <class name="Google_Tests.TC_10_VerifyTotalMailRecTest">
        <test-method status="FAIL" signature="VerifyTotalNoOfEmailReceived(java.lang.String, java.lang.String)[pri:10, instance:Google_Tests.TC_10_VerifyTotalMailRecTest@4f933fd1]" name="VerifyTotalNoOfEmailReceived" duration-ms="8738" started-at="2020-12-23T01:24:33Z" data-provider="getData" finished-at="2020-12-23T01:24:41Z">
          <params>
            <param index="0">
              <value>
                <![CDATA[testmycode111@gmail.com]]>
              </value>
            </param>
            <param index="1">
              <value>
                <![CDATA[Shivam@2003]]>
              </value>
            </param>
          </params>
          <exception class="java.lang.AssertionError">
            <message>
              <![CDATA[invalid selector: Unable to locate an element with the xpath expression No.of Emails: //*[@id=":5f"]/span/span[1]/span[2] because of the following error:
SyntaxError: Failed to execute 'evaluate' on 'Document': The string 'No.of Emails: //*[@id=":5f"]/span/span[1]/span[2]' is not a valid XPath expression.
  (Session info: chrome=85.0.4183.121)
For documentation on this error, please visit: http://seleniumhq.org/exceptions/invalid_selector_exception.html
Build info: version: '3.9.1', revision: '63f7b50', time: '2018-02-07T22:42:22.379Z'
System info: host: 'NAGRE', ip: '192.168.43.102', os.name: 'Windows 10', os.arch: 'amd64', os.version: '10.0', java.version: '1.8.0_71'
Driver info: org.openqa.selenium.chrome.ChromeDriver
Capabilities {acceptInsecureCerts: false, browserName: chrome, browserVersion: 85.0.4183.121, chrome: {chromedriverVersion: 85.0.4183.87 (cd6713ebf92fa..., userDataDir: C:\Users\Amol\AppData\Local...}, goog:chromeOptions: {debuggerAddress: localhost:60287}, javascriptEnabled: true, networkConnectionEnabled: false, pageLoadStrategy: normal, platform: WINDOWS, platformName: WINDOWS, proxy: Proxy(), setWindowRect: true, strictFileInteractability: false, timeouts: {implicit: 0, pageLoad: 300000, script: 30000}, unhandledPromptBehavior: dismiss and notify, webauthn:virtualAuthenticators: true}
Session ID: 2b4fd5d04e1a5c6369bd71fe3a088c7f
*** Element info: {Using=xpath, value=No.of Emails: //*[@id=":5f"]/span/span[1]/span[2]} expected [true] but found [false]]]>
            </message>
            <full-stacktrace>
              <![CDATA[java.lang.AssertionError: invalid selector: Unable to locate an element with the xpath expression No.of Emails: //*[@id=":5f"]/span/span[1]/span[2] because of the following error:
SyntaxError: Failed to execute 'evaluate' on 'Document': The string 'No.of Emails: //*[@id=":5f"]/span/span[1]/span[2]' is not a valid XPath expression.
  (Session info: chrome=85.0.4183.121)
For documentation on this error, please visit: http://seleniumhq.org/exceptions/invalid_selector_exception.html
Build info: version: '3.9.1', revision: '63f7b50', time: '2018-02-07T22:42:22.379Z'
System info: host: 'NAGRE', ip: '192.168.43.102', os.name: 'Windows 10', os.arch: 'amd64', os.version: '10.0', java.version: '1.8.0_71'
Driver info: org.openqa.selenium.chrome.ChromeDriver
Capabilities {acceptInsecureCerts: false, browserName: chrome, browserVersion: 85.0.4183.121, chrome: {chromedriverVersion: 85.0.4183.87 (cd6713ebf92fa..., userDataDir: C:\Users\Amol\AppData\Local...}, goog:chromeOptions: {debuggerAddress: localhost:60287}, javascriptEnabled: true, networkConnectionEnabled: false, pageLoadStrategy: normal, platform: WINDOWS, platformName: WINDOWS, proxy: Proxy(), setWindowRect: true, strictFileInteractability: false, timeouts: {implicit: 0, pageLoad: 300000, script: 30000}, unhandledPromptBehavior: dismiss and notify, webauthn:virtualAuthenticators: true}
Session ID: 2b4fd5d04e1a5c6369bd71fe3a088c7f
*** Element info: {Using=xpath, value=No.of Emails: //*[@id=":5f"]/span/span[1]/span[2]} expected [true] but found [false]
	at org.testng.Assert.fail(Assert.java:94)
	at org.testng.Assert.failNotEquals(Assert.java:513)
	at org.testng.Assert.assertTrue(Assert.java:42)
	at Google_Tests.TC_10_VerifyTotalMailRecTest.VerifyTotalNoOfEmailReceived(TC_10_VerifyTotalMailRecTest.java:81)
	at sun.reflect.NativeMethodAccessorImpl.invoke0(Native Method)
	at sun.reflect.NativeMethodAccessorImpl.invoke(Unknown Source)
	at sun.reflect.DelegatingMethodAccessorImpl.invoke(Unknown Source)
	at java.lang.reflect.Method.invoke(Unknown Source)
	at org.testng.internal.MethodInvocationHelper.invokeMethod(MethodInvocationHelper.java:86)
	at org.testng.internal.Invoker.invokeMethod(Invoker.java:645)
	at org.testng.internal.Invoker.invokeTestMethod(Invoker.java:822)
	at org.testng.internal.Invoker.invokeTestMethods(Invoker.java:1130)
	at org.testng.internal.TestMethodWorker.invokeTestMethods(TestMethodWorker.java:129)
	at org.testng.internal.TestMethodWorker.run(TestMethodWorker.java:112)
	at org.testng.TestRunner.privateRun(TestRunner.java:782)
	at org.testng.TestRunner.run(TestRunner.java:632)
	at org.testng.SuiteRunner.runTest(SuiteRunner.java:366)
	at org.testng.SuiteRunner.runSequentially(SuiteRunner.java:361)
	at org.testng.SuiteRunner.privateRun(SuiteRunner.java:319)
	at org.testng.SuiteRunner.run(SuiteRunner.java:268)
	at org.testng.SuiteRunnerWorker.runSuite(SuiteRunnerWorker.java:52)
	at org.testng.SuiteRunnerWorker.run(SuiteRunnerWorker.java:86)
	at org.testng.TestNG.runSuitesSequentially(TestNG.java:1244)
	at org.testng.TestNG.runSuitesLocally(TestNG.java:1169)
	at org.testng.TestNG.run(TestNG.java:1064)
	at org.testng.remote.RemoteTestNG.run(RemoteTestNG.java:113)
	at org.testng.remote.RemoteTestNG.initAndRun(RemoteTestNG.java:206)
	at org.testng.remote.RemoteTestNG.main(RemoteTestNG.java:177)
]]>
            </full-stacktrace>
          </exception> <!-- java.lang.AssertionError -->
          <reporter-output>
          </reporter-output>
        </test-method> <!-- VerifyTotalNoOfEmailReceived -->
      </class> <!-- Google_Tests.TC_10_VerifyTotalMailRecTest -->
      <class name="Google_Tests.TC_09_VerifyLoginToGmailTest">
        <test-method status="PASS" signature="intial()[pri:0, instance:Google_Tests.TC_09_VerifyLoginToGmailTest@d2cc05a]" name="intial" is-config="true" duration-ms="9990" started-at="2020-12-23T01:23:42Z" finished-at="2020-12-23T01:23:52Z">
          <reporter-output>
          </reporter-output>
        </test-method> <!-- intial -->
        <test-method status="PASS" signature="isSkip()[pri:0, instance:Google_Tests.TC_09_VerifyLoginToGmailTest@d2cc05a]" name="isSkip" is-config="true" duration-ms="171" started-at="2020-12-23T01:23:52Z" finished-at="2020-12-23T01:23:52Z">
          <reporter-output>
          </reporter-output>
        </test-method> <!-- isSkip -->
        <test-method status="PASS" signature="isSkip()[pri:0, instance:Google_Tests.TC_10_VerifyTotalMailRecTest@4f933fd1]" name="isSkip" is-config="true" duration-ms="4" started-at="2020-12-23T01:23:52Z" finished-at="2020-12-23T01:23:52Z">
          <reporter-output>
          </reporter-output>
        </test-method> <!-- isSkip -->
        <test-method status="PASS" signature="VerifyGoogleLaunchingPage(java.lang.String, java.lang.String)[pri:9, instance:Google_Tests.TC_09_VerifyLoginToGmailTest@d2cc05a]" name="VerifyGoogleLaunchingPage" duration-ms="40080" started-at="2020-12-23T01:23:53Z" data-provider="getData" finished-at="2020-12-23T01:24:33Z">
          <params>
            <param index="0">
              <value>
                <![CDATA[testmycode111@gmail.com]]>
              </value>
            </param>
            <param index="1">
              <value>
                <![CDATA[Shivam@2003]]>
              </value>
            </param>
          </params>
          <reporter-output>
          </reporter-output>
        </test-method> <!-- VerifyGoogleLaunchingPage -->
        <test-method status="PASS" signature="QuitDriver()[pri:0, instance:Google_Tests.TC_09_VerifyLoginToGmailTest@d2cc05a]" name="QuitDriver" is-config="true" duration-ms="507" started-at="2020-12-23T01:24:42Z" finished-at="2020-12-23T01:24:42Z">
          <reporter-output>
          </reporter-output>
        </test-method> <!-- QuitDriver -->
      </class> <!-- Google_Tests.TC_09_VerifyLoginToGmailTest -->
    </test> <!-- Test -->
  </suite> <!-- Suite -->
</testng-results>
